2025-10-10 00:57:20,974 - __main__ - INFO - Database initialized successfully
2025-10-10 00:57:20,976 - __main__ - INFO - Enhanced Biometric Authentication System starting...
2025-10-10 00:57:20,984 - __main__ - INFO - Security event: SYSTEM_STARTUP - User: None - IP: system
2025-10-10 00:57:21,072 - werkzeug - INFO - [31m[1mWARNING: This is a development server. Do not use it in a production deployment. Use a production WSGI server instead.[0m
 * Running on all addresses (0.0.0.0)
 * Running on http://127.0.0.1:5000
 * Running on http://192.168.31.101:5000
2025-10-10 00:57:21,072 - werkzeug - INFO - [33mPress CTRL+C to quit[0m
2025-10-10 00:57:21,076 - werkzeug - INFO -  * Restarting with stat
2025-10-10 00:57:32,800 - __main__ - INFO - Database initialized successfully
2025-10-10 00:57:32,810 - __main__ - INFO - Enhanced Biometric Authentication System starting...
2025-10-10 00:57:32,817 - __main__ - INFO - Security event: SYSTEM_STARTUP - User: None - IP: system
2025-10-10 00:57:32,847 - werkzeug - WARNING -  * Debugger is active!
2025-10-10 00:57:32,866 - werkzeug - INFO -  * Debugger PIN: 502-675-790
2025-10-10 00:57:58,185 - werkzeug - INFO -  * Detected change in 'C:\\xampp\\htdocs\\college project face fingerprint\\webapp\\test_backdoor.py', reloading
2025-10-10 00:57:59,208 - werkzeug - INFO -  * Restarting with stat
2025-10-10 00:58:11,612 - __main__ - INFO - Database initialized successfully
2025-10-10 00:58:11,613 - __main__ - INFO - Enhanced Biometric Authentication System starting...
2025-10-10 00:58:11,629 - __main__ - INFO - Security event: SYSTEM_STARTUP - User: None - IP: system
2025-10-10 00:58:11,662 - werkzeug - WARNING -  * Debugger is active!
2025-10-10 00:58:11,678 - werkzeug - INFO -  * Debugger PIN: 502-675-790
2025-10-10 00:58:29,157 - werkzeug - INFO -  * Detected change in 'C:\\xampp\\htdocs\\college project face fingerprint\\webapp\\test_backdoor.py', reloading
2025-10-10 00:58:30,073 - werkzeug - INFO -  * Restarting with stat
2025-10-10 00:58:41,450 - __main__ - INFO - Database initialized successfully
2025-10-10 00:58:41,451 - __main__ - INFO - Enhanced Biometric Authentication System starting...
2025-10-10 00:58:41,467 - __main__ - INFO - Security event: SYSTEM_STARTUP - User: None - IP: system
2025-10-10 00:58:41,494 - werkzeug - WARNING -  * Debugger is active!
2025-10-10 00:58:41,510 - werkzeug - INFO -  * Debugger PIN: 502-675-790
2025-10-10 01:05:26,933 - werkzeug - INFO -  * Detected change in 'C:\\xampp\\htdocs\\college project face fingerprint\\webapp\\debug_login.py', reloading
2025-10-10 01:05:27,903 - werkzeug - INFO -  * Restarting with stat
2025-10-10 01:05:40,568 - __main__ - INFO - Database initialized successfully
2025-10-10 01:05:40,569 - __main__ - INFO - Enhanced Biometric Authentication System starting...
2025-10-10 01:05:40,585 - __main__ - INFO - Security event: SYSTEM_STARTUP - User: None - IP: system
2025-10-10 01:05:40,611 - werkzeug - WARNING -  * Debugger is active!
2025-10-10 01:05:40,630 - werkzeug - INFO -  * Debugger PIN: 502-675-790
2025-10-10 01:57:20,978 - __main__ - INFO - Expired sessions cleaned up
2025-10-10 01:57:20,979 - __main__ - INFO - Old temporary files cleaned up
2025-10-10 02:05:40,572 - __main__ - INFO - Expired sessions cleaned up
2025-10-10 02:05:40,572 - __main__ - INFO - Old temporary files cleaned up
2025-11-30 02:16:45,354 - __main__ - INFO - Database initialized successfully
2025-11-30 02:16:45,356 - __main__ - INFO - Enhanced Biometric Authentication System starting...
2025-11-30 02:16:48,290 - __main__ - INFO - Security event: SYSTEM_STARTUP - User: None - IP: system
2025-11-30 02:16:48,362 - werkzeug - INFO - [31m[1mWARNING: This is a development server. Do not use it in a production deployment. Use a production WSGI server instead.[0m
 * Running on all addresses (0.0.0.0)
 * Running on http://127.0.0.1:5000
 * Running on http://192.168.31.101:5000
2025-11-30 02:16:48,362 - werkzeug - INFO - [33mPress CTRL+C to quit[0m
2025-11-30 02:16:48,364 - werkzeug - INFO -  * Restarting with stat
2025-11-30 02:16:52,843 - __main__ - INFO - Database initialized successfully
2025-11-30 02:16:52,844 - __main__ - INFO - Enhanced Biometric Authentication System starting...
2025-11-30 02:16:55,038 - __main__ - INFO - Security event: SYSTEM_STARTUP - User: None - IP: system
2025-11-30 02:16:55,058 - werkzeug - WARNING -  * Debugger is active!
2025-11-30 02:16:55,070 - werkzeug - INFO -  * Debugger PIN: 630-649-464
2025-11-30 04:13:10,339 - __main__ - INFO - Database initialized successfully
2025-11-30 04:13:10,342 - __main__ - INFO - Enhanced Biometric Authentication System starting...
2025-11-30 04:13:13,173 - __main__ - INFO - Security event: SYSTEM_STARTUP - User: None - IP: system
2025-11-30 04:13:13,238 - werkzeug - INFO - [31m[1mWARNING: This is a development server. Do not use it in a production deployment. Use a production WSGI server instead.[0m
 * Running on all addresses (0.0.0.0)
 * Running on http://127.0.0.1:5432
 * Running on http://192.168.31.101:5432
2025-11-30 04:13:13,238 - werkzeug - INFO - [33mPress CTRL+C to quit[0m
2025-11-30 04:13:13,241 - werkzeug - INFO -  * Restarting with stat
2025-11-30 04:13:17,455 - __main__ - INFO - Database initialized successfully
2025-11-30 04:13:17,456 - __main__ - INFO - Enhanced Biometric Authentication System starting...
2025-11-30 04:13:19,514 - __main__ - INFO - Security event: SYSTEM_STARTUP - User: None - IP: system
2025-11-30 04:13:19,534 - werkzeug - WARNING -  * Debugger is active!
2025-11-30 04:13:19,547 - werkzeug - INFO -  * Debugger PIN: 630-649-464
2025-11-30 04:37:53,958 - werkzeug - INFO -  * Detected change in 'C:\\xampp\\htdocs\\Major Project\\Backend\\app_enhanced.py', reloading
2025-11-30 04:37:53,996 - werkzeug - INFO -  * Restarting with stat
2025-11-30 04:37:58,975 - __main__ - INFO - Database initialized successfully
2025-11-30 04:37:58,976 - __main__ - INFO - Enhanced Biometric Authentication System starting...
2025-11-30 04:38:01,185 - __main__ - INFO - Security event: SYSTEM_STARTUP - User: None - IP: system
2025-11-30 04:38:01,209 - werkzeug - WARNING -  * Debugger is active!
2025-11-30 04:38:01,219 - werkzeug - INFO -  * Debugger PIN: 630-649-464
2025-11-30 04:45:35,770 - werkzeug - INFO -  * Detected change in 'C:\\xampp\\htdocs\\Major Project\\Backend\\app_enhanced.py', reloading
2025-11-30 04:45:35,808 - werkzeug - INFO -  * Restarting with stat
2025-11-30 04:45:40,072 - __main__ - INFO - Database initialized successfully
2025-11-30 04:45:40,072 - __main__ - INFO - Enhanced Biometric Authentication System starting...
2025-11-30 04:45:42,705 - __main__ - INFO - Security event: SYSTEM_STARTUP - User: None - IP: system
2025-11-30 04:45:42,724 - werkzeug - WARNING -  * Debugger is active!
2025-11-30 04:45:42,731 - werkzeug - INFO -  * Debugger PIN: 630-649-464
2025-11-30 04:52:58,008 - werkzeug - INFO -  * Detected change in 'C:\\xampp\\htdocs\\Major Project\\Backend\\app_enhanced.py', reloading
2025-11-30 04:52:58,047 - werkzeug - INFO -  * Restarting with stat
2025-11-30 04:53:03,149 - __main__ - INFO - Database initialized successfully
2025-11-30 04:53:03,150 - __main__ - INFO - Enhanced Biometric Authentication System starting...
2025-11-30 04:53:05,457 - __main__ - INFO - Security event: SYSTEM_STARTUP - User: None - IP: system
2025-11-30 04:53:05,479 - werkzeug - WARNING -  * Debugger is active!
2025-11-30 04:53:05,492 - werkzeug - INFO -  * Debugger PIN: 630-649-464
2025-11-30 05:01:02,617 - werkzeug - INFO -  * Detected change in 'C:\\xampp\\htdocs\\Major Project\\Backend\\app_enhanced.py', reloading
2025-11-30 05:01:02,650 - werkzeug - INFO -  * Restarting with stat
2025-11-30 05:01:08,175 - __main__ - INFO - Database initialized successfully
2025-11-30 05:01:08,177 - __main__ - INFO - Enhanced Biometric Authentication System starting...
2025-11-30 05:01:10,432 - __main__ - INFO - Security event: SYSTEM_STARTUP - User: None - IP: system
2025-11-30 05:01:10,450 - werkzeug - WARNING -  * Debugger is active!
2025-11-30 05:01:10,458 - werkzeug - INFO -  * Debugger PIN: 630-649-464
2025-11-30 05:02:11,555 - werkzeug - INFO -  * Detected change in 'C:\\xampp\\htdocs\\Major Project\\Backend\\app_enhanced.py', reloading
2025-11-30 05:02:11,610 - werkzeug - INFO -  * Restarting with stat
2025-11-30 05:02:16,994 - __main__ - INFO - Database initialized successfully
2025-11-30 05:02:16,995 - __main__ - INFO - Enhanced Biometric Authentication System starting...
2025-11-30 05:02:20,247 - __main__ - INFO - Security event: SYSTEM_STARTUP - User: None - IP: system
2025-11-30 05:02:20,263 - werkzeug - WARNING -  * Debugger is active!
2025-11-30 05:02:20,272 - werkzeug - INFO -  * Debugger PIN: 630-649-464
